2022-07-18 21:12:36,651 INFO o.a.j.u.JMeterUtils: Setting Locale to en_EN
2022-07-18 21:12:36,667 INFO o.a.j.JMeter: Loading user properties from: C:\Users\Srimathi\Downloads\apache-jmeter-5.4.3\apache-jmeter-5.4.3\bin\user.properties
2022-07-18 21:12:36,668 INFO o.a.j.JMeter: Loading system properties from: C:\Users\Srimathi\Downloads\apache-jmeter-5.4.3\apache-jmeter-5.4.3\bin\system.properties
2022-07-18 21:12:36,681 INFO o.a.j.JMeter: Copyright (c) 1998-2021 The Apache Software Foundation
2022-07-18 21:12:36,681 INFO o.a.j.JMeter: Version 5.4.3
2022-07-18 21:12:36,682 INFO o.a.j.JMeter: java.version=1.8.0_261
2022-07-18 21:12:36,682 INFO o.a.j.JMeter: java.vm.name=Java HotSpot(TM) 64-Bit Server VM
2022-07-18 21:12:36,682 INFO o.a.j.JMeter: os.name=Windows 10
2022-07-18 21:12:36,682 INFO o.a.j.JMeter: os.arch=amd64
2022-07-18 21:12:36,682 INFO o.a.j.JMeter: os.version=10.0
2022-07-18 21:12:36,682 INFO o.a.j.JMeter: file.encoding=Cp1252
2022-07-18 21:12:36,682 INFO o.a.j.JMeter: java.awt.headless=true
2022-07-18 21:12:36,682 INFO o.a.j.JMeter: Max memory     =1073741824
2022-07-18 21:12:36,682 INFO o.a.j.JMeter: Available Processors =4
2022-07-18 21:12:36,689 INFO o.a.j.JMeter: Default Locale=English (EN)
2022-07-18 21:12:36,689 INFO o.a.j.JMeter: JMeter  Locale=English (EN)
2022-07-18 21:12:36,689 INFO o.a.j.JMeter: JMeterHome=C:\Users\Srimathi\Downloads\apache-jmeter-5.4.3\apache-jmeter-5.4.3
2022-07-18 21:12:36,689 INFO o.a.j.JMeter: user.dir  =C:\Users\Srimathi\Downloads\Jmeter Assignment
2022-07-18 21:12:36,690 INFO o.a.j.JMeter: PWD       =C:\Users\Srimathi\Downloads\Jmeter Assignment
2022-07-18 21:12:36,692 INFO o.a.j.JMeter: IP: 192.168.243.218 Name: LAPTOP-KOV2RKKJ FullName: LAPTOP-KOV2RKKJ
2022-07-18 21:12:36,697 INFO o.a.j.JMeter: Setting property 'jmeter.reportgenerator.outputdir' to:'C:\Users\Srimathi\Downloads\Jmeter Assignment\report'
2022-07-18 21:12:36,702 INFO o.a.j.r.d.ReportGenerator: ReportGenerator will use for Parsing the separator: ','
2022-07-18 21:12:36,703 INFO o.a.j.r.d.ReportGenerator: Will only generate report from results file: report.jtl
2022-07-18 21:12:36,703 INFO o.a.j.r.d.ReportGenerator: Reading report generator properties from: C:\Users\Srimathi\Downloads\apache-jmeter-5.4.3\apache-jmeter-5.4.3\bin\reportgenerator.properties
2022-07-18 21:12:36,761 INFO o.a.j.r.d.ReportGenerator: Merging with JMeter properties
2022-07-18 21:12:36,768 INFO o.a.j.r.c.ReportGeneratorConfiguration: Property 'jmeter.reportgenerator.temp_dir' not found, using default value 'temp' instead.
2022-07-18 21:12:36,772 INFO o.a.j.r.c.ReportGeneratorConfiguration: Property 'jmeter.reportgenerator.apdex_per_transaction' not found, using default value 'null' instead.
2022-07-18 21:12:36,781 INFO o.a.j.r.c.ReportGeneratorConfiguration: apdex_per_transaction is empty, not APDEX per transaction customization
2022-07-18 21:12:36,781 INFO o.a.j.r.c.ReportGeneratorConfiguration: Property 'jmeter.reportgenerator.sample_filter' not found, using default value 'null' instead.
2022-07-18 21:12:36,781 INFO o.a.j.r.c.ReportGeneratorConfiguration: Property 'jmeter.reportgenerator.report_title' not found, using default value 'null' instead.
2022-07-18 21:12:36,781 INFO o.a.j.r.c.ReportGeneratorConfiguration: Property 'jmeter.reportgenerator.start_date' not found, using default value 'null' instead.
2022-07-18 21:12:36,781 INFO o.a.j.r.c.ReportGeneratorConfiguration: Property 'jmeter.reportgenerator.end_date' not found, using default value 'null' instead.
2022-07-18 21:12:36,781 INFO o.a.j.r.c.ReportGeneratorConfiguration: Property 'jmeter.reportgenerator.date_format' not found, using default value 'null' instead.
2022-07-18 21:12:36,782 INFO o.a.j.r.c.ReportGeneratorConfiguration: Will use date range start date: null, end date: null
2022-07-18 21:12:36,788 INFO o.a.j.r.c.ReportGeneratorConfiguration: Property 'jmeter.reportgenerator.graph.totalTPS.exclude_controllers' not found, using default value 'false' instead.
2022-07-18 21:12:36,788 INFO o.a.j.r.c.ReportGeneratorConfiguration: Property 'jmeter.reportgenerator.graph.activeThreadsOverTime.exclude_controllers' not found, using default value 'false' instead.
2022-07-18 21:12:36,788 INFO o.a.j.r.c.ReportGeneratorConfiguration: Property 'jmeter.reportgenerator.graph.timeVsThreads.exclude_controllers' not found, using default value 'false' instead.
2022-07-18 21:12:36,788 INFO o.a.j.r.c.ReportGeneratorConfiguration: Property 'jmeter.reportgenerator.graph.responseTimeDistribution.exclude_controllers' not found, using default value 'false' instead.
2022-07-18 21:12:36,788 INFO o.a.j.r.c.ReportGeneratorConfiguration: Property 'jmeter.reportgenerator.graph.transactionsPerSecond.exclude_controllers' not found, using default value 'false' instead.
2022-07-18 21:12:36,789 INFO o.a.j.r.c.ReportGeneratorConfiguration: Property 'jmeter.reportgenerator.graph.responseTimePercentiles.exclude_controllers' not found, using default value 'false' instead.
2022-07-18 21:12:36,789 INFO o.a.j.r.c.ReportGeneratorConfiguration: Property 'jmeter.reportgenerator.graph.responseTimePercentilesOverTime.exclude_controllers' not found, using default value 'false' instead.
2022-07-18 21:12:36,789 INFO o.a.j.r.c.ReportGeneratorConfiguration: Property 'jmeter.reportgenerator.graph.responseTimesOverTime.exclude_controllers' not found, using default value 'false' instead.
2022-07-18 21:12:36,789 INFO o.a.j.r.c.ReportGeneratorConfiguration: Property 'jmeter.reportgenerator.graph.connectTimeOverTime.exclude_controllers' not found, using default value 'false' instead.
2022-07-18 21:12:36,789 INFO o.a.j.r.c.ReportGeneratorConfiguration: Property 'jmeter.reportgenerator.graph.latenciesOverTime.exclude_controllers' not found, using default value 'false' instead.
2022-07-18 21:12:36,790 INFO o.a.j.r.c.ReportGeneratorConfiguration: Property 'jmeter.reportgenerator.exporter.json.filters_only_sample_series' not found, using default value 'true' instead.
2022-07-18 21:12:36,790 INFO o.a.j.r.c.ReportGeneratorConfiguration: Property 'jmeter.reportgenerator.exporter.json.series_filter' not found, using default value '' instead.
2022-07-18 21:12:36,790 INFO o.a.j.r.c.ReportGeneratorConfiguration: Property 'jmeter.reportgenerator.exporter.json.show_controllers_only' not found, using default value 'false' instead.
2022-07-18 21:12:36,791 INFO o.a.j.r.c.ReportGeneratorConfiguration: Property 'jmeter.reportgenerator.exporter.html.filters_only_sample_series' not found, using default value 'true' instead.
2022-07-18 21:12:36,791 INFO o.a.j.r.c.ReportGeneratorConfiguration: Property 'jmeter.reportgenerator.exporter.html.series_filter' not found, using default value '' instead.
2022-07-18 21:12:36,791 INFO o.a.j.r.c.ReportGeneratorConfiguration: Property 'jmeter.reportgenerator.exporter.html.show_controllers_only' not found, using default value 'false' instead.
2022-07-18 21:12:36,965 INFO o.a.j.s.SaveService: Testplan (JMX) version: 2.2. Testlog (JTL) version: 2.2
2022-07-18 21:12:36,984 INFO o.a.j.s.SaveService: Using SaveService properties file encoding UTF-8
2022-07-18 21:12:36,990 INFO o.a.j.s.SaveService: Using SaveService properties version 5.0
2022-07-18 21:12:37,031 INFO o.a.j.r.p.NormalizerSampleConsumer: Using format, 'ms', to parse timeStamp field
2022-07-18 21:12:37,875 INFO o.a.j.r.p.AbstractSampleConsumer: class org.apache.jmeter.report.processor.AggregateConsumer#stopProducing(): beginDate produced 0 samples
2022-07-18 21:12:37,875 INFO o.a.j.r.p.AbstractSampleConsumer: class org.apache.jmeter.report.processor.AggregateConsumer#stopProducing(): endDate produced 0 samples
2022-07-18 21:12:37,880 INFO o.a.j.r.p.AbstractSampleConsumer: class org.apache.jmeter.report.processor.ApdexSummaryConsumer#stopProducing(): apdexSummary produced 0 samples
2022-07-18 21:12:37,880 INFO o.a.j.r.p.AbstractSampleConsumer: class org.apache.jmeter.report.processor.RequestsSummaryConsumer#stopProducing(): requestsSummary produced 0 samples
2022-07-18 21:12:38,119 INFO o.a.j.r.p.AbstractSampleConsumer: class org.apache.jmeter.report.processor.StatisticsSummaryConsumer#stopProducing(): statisticsSummary produced 0 samples
2022-07-18 21:12:38,167 INFO o.a.j.r.p.AbstractSampleConsumer: class org.apache.jmeter.report.processor.Top5ErrorsBySamplerConsumer#stopProducing(): top5ErrorsBySampler produced 0 samples
2022-07-18 21:12:38,168 INFO o.a.j.r.p.AbstractSampleConsumer: class org.apache.jmeter.report.processor.ErrorsSummaryConsumer#stopProducing(): errorsSummary produced 0 samples
2022-07-18 21:12:38,168 INFO o.a.j.r.p.AbstractSampleConsumer: class org.apache.jmeter.report.processor.graph.impl.HitsPerSecondGraphConsumer#stopProducing(): hitsPerSecond produced 0 samples
2022-07-18 21:12:38,235 INFO o.a.j.r.p.AbstractSampleConsumer: class org.apache.jmeter.report.processor.graph.impl.LatencyVSRequestGraphConsumer#stopProducing(): latencyVsRequest produced 0 samples
2022-07-18 21:12:38,235 INFO o.a.j.r.p.AbstractSampleConsumer: class org.apache.jmeter.report.processor.graph.impl.SyntheticResponseTimeDistributionGraphConsumer#stopProducing(): syntheticResponseTimeDistribution produced 0 samples
2022-07-18 21:12:38,236 INFO o.a.j.r.p.AbstractSampleConsumer: class org.apache.jmeter.report.processor.graph.impl.BytesThroughputGraphConsumer#stopProducing(): bytesThroughputOverTime produced 0 samples
2022-07-18 21:12:38,236 INFO o.a.j.r.p.AbstractSampleConsumer: class org.apache.jmeter.report.processor.graph.impl.CodesPerSecondGraphConsumer#stopProducing(): codesPerSecond produced 0 samples
2022-07-18 21:12:38,258 INFO o.a.j.r.p.AbstractSampleConsumer: class org.apache.jmeter.report.processor.graph.impl.ResponseTimeVSRequestGraphConsumer#stopProducing(): responseTimeVsRequest produced 0 samples
2022-07-18 21:12:38,258 INFO o.a.j.r.p.AbstractSampleConsumer: class org.apache.jmeter.report.processor.FilterConsumer#stopProducing(): startIntervalControlerFilter produced 4550 samples
2022-07-18 21:12:38,258 INFO o.a.j.r.p.AbstractSampleConsumer: class org.apache.jmeter.report.processor.graph.impl.TotalTPSGraphConsumer#stopProducing(): totalTPS produced 0 samples
2022-07-18 21:12:38,259 INFO o.a.j.r.p.AbstractSampleConsumer: class org.apache.jmeter.report.processor.graph.impl.ActiveThreadsGraphConsumer#stopProducing(): activeThreadsOverTime produced 0 samples
2022-07-18 21:12:38,259 INFO o.a.j.r.p.AbstractSampleConsumer: class org.apache.jmeter.report.processor.graph.impl.TimeVSThreadGraphConsumer#stopProducing(): timeVsThreads produced 0 samples
2022-07-18 21:12:38,301 INFO o.a.j.r.p.AbstractSampleConsumer: class org.apache.jmeter.report.processor.graph.impl.ResponseTimeDistributionGraphConsumer#stopProducing(): responseTimeDistribution produced 0 samples
2022-07-18 21:12:38,311 INFO o.a.j.r.p.AbstractSampleConsumer: class org.apache.jmeter.report.processor.graph.impl.TransactionsPerSecondGraphConsumer#stopProducing(): transactionsPerSecond produced 0 samples
2022-07-18 21:12:38,318 INFO o.a.j.r.p.AbstractSampleConsumer: class org.apache.jmeter.report.processor.graph.impl.ResponseTimePercentilesGraphConsumer#stopProducing(): responseTimePercentiles produced 0 samples
2022-07-18 21:12:38,443 INFO o.a.j.r.p.AbstractSampleConsumer: class org.apache.jmeter.report.processor.graph.impl.ResponseTimePercentilesOverTimeGraphConsumer#stopProducing(): responseTimePercentilesOverTime produced 0 samples
2022-07-18 21:12:38,444 INFO o.a.j.r.p.AbstractSampleConsumer: class org.apache.jmeter.report.processor.graph.impl.ResponseTimeOverTimeGraphConsumer#stopProducing(): responseTimesOverTime produced 0 samples
2022-07-18 21:12:38,451 INFO o.a.j.r.p.AbstractSampleConsumer: class org.apache.jmeter.report.processor.graph.impl.ConnectTimeOverTimeGraphConsumer#stopProducing(): connectTimeOverTime produced 0 samples
2022-07-18 21:12:38,457 INFO o.a.j.r.p.AbstractSampleConsumer: class org.apache.jmeter.report.processor.graph.impl.LatencyOverTimeGraphConsumer#stopProducing(): latenciesOverTime produced 0 samples
2022-07-18 21:12:38,464 INFO o.a.j.r.p.AbstractSampleConsumer: class org.apache.jmeter.report.processor.FilterConsumer#stopProducing(): nameFilter produced 9870 samples
2022-07-18 21:12:38,464 INFO o.a.j.r.p.AbstractSampleConsumer: class org.apache.jmeter.report.processor.FilterConsumer#stopProducing(): dateRangeFilter produced 1974 samples
2022-07-18 21:12:38,464 INFO o.a.j.r.p.AbstractSampleConsumer: class org.apache.jmeter.report.processor.NormalizerSampleConsumer#stopProducing(): normalizer produced 658 samples
2022-07-18 21:12:38,465 INFO o.a.j.r.p.CsvFileSampleSource: produce(): 658 samples produced in 1s 395 ms on channel 0
2022-07-18 21:12:38,465 INFO o.a.j.r.d.ReportGenerator: Exporting data using exporter:'json' of className:'org.apache.jmeter.report.dashboard.JsonExporter'
2022-07-18 21:12:38,790 INFO o.a.j.r.d.JsonExporter: Found data for consumer statisticsSummary in context
2022-07-18 21:12:38,790 INFO o.a.j.r.d.JsonExporter: Creating statistics for overall
2022-07-18 21:12:38,791 INFO o.a.j.r.d.JsonExporter: Creating statistics for other transactions
2022-07-18 21:12:38,795 INFO o.a.j.r.d.JsonExporter: Checking output folder
2022-07-18 21:12:38,796 INFO o.a.j.r.d.JsonExporter: Writing statistics JSON to C:\Users\Srimathi\Downloads\Jmeter Assignment\report\statistics.json
2022-07-18 21:12:39,020 INFO o.a.j.r.d.ReportGenerator: Exporting data using exporter:'html' of className:'org.apache.jmeter.report.dashboard.HtmlTemplateExporter'
2022-07-18 21:12:39,025 INFO o.a.j.r.d.HtmlTemplateExporter: Will generate dashboard in folder: C:\Users\Srimathi\Downloads\Jmeter Assignment\report
2022-07-18 21:12:40,264 INFO o.a.j.r.d.HtmlTemplateExporter: Report will be generated in: C:\Users\Srimathi\Downloads\Jmeter Assignment\report, creating folder structure
2022-07-18 21:12:40,269 INFO o.a.j.r.d.TemplateVisitor: Copying folder from 'C:\Users\Srimathi\Downloads\apache-jmeter-5.4.3\apache-jmeter-5.4.3\bin\report-template' to 'C:\Users\Srimathi\Downloads\Jmeter Assignment\report', got message: C:\Users\Srimathi\Downloads\Jmeter Assignment\report, found non empty folder with following content [C:\Users\Srimathi\Downloads\Jmeter Assignment\report\statistics.json], will be ignored
